c:\users\7558\gitprojects\frogleaping_mdvrp\fl_mdvrp\fl_mdvrp\debug\fl_mdvrp.pch
c:\users\7558\gitprojects\frogleaping_mdvrp\fl_mdvrp\fl_mdvrp\debug\vc140.pdb
c:\users\7558\gitprojects\frogleaping_mdvrp\fl_mdvrp\fl_mdvrp\debug\vc140.idb
c:\users\7558\gitprojects\frogleaping_mdvrp\fl_mdvrp\fl_mdvrp\debug\stdafx.obj
c:\users\7558\gitprojects\frogleaping_mdvrp\fl_mdvrp\fl_mdvrp\debug\decodedfrogleapsolution.obj
c:\users\7558\gitprojects\frogleaping_mdvrp\fl_mdvrp\fl_mdvrp\debug\distancetable.obj
c:\users\7558\gitprojects\frogleaping_mdvrp\fl_mdvrp\fl_mdvrp\debug\distvect.obj
c:\users\7558\gitprojects\frogleaping_mdvrp\fl_mdvrp\fl_mdvrp\debug\feasiblesolcol.obj
c:\users\7558\gitprojects\frogleaping_mdvrp\fl_mdvrp\fl_mdvrp\debug\feasiblesolution.obj
c:\users\7558\gitprojects\frogleaping_mdvrp\fl_mdvrp\fl_mdvrp\debug\feassolnode.obj
c:\users\7558\gitprojects\frogleaping_mdvrp\fl_mdvrp\fl_mdvrp\debug\floatdistancetable.obj
c:\users\7558\gitprojects\frogleaping_mdvrp\fl_mdvrp\fl_mdvrp\debug\fl_mdvrp.obj
c:\users\7558\gitprojects\frogleaping_mdvrp\fl_mdvrp\fl_mdvrp\debug\frogleapcontroller.obj
c:\users\7558\gitprojects\frogleaping_mdvrp\fl_mdvrp\fl_mdvrp\debug\frogleapsolution.obj
c:\users\7558\gitprojects\frogleaping_mdvrp\fl_mdvrp\fl_mdvrp\debug\frogobject.obj
c:\users\7558\gitprojects\frogleaping_mdvrp\fl_mdvrp\fl_mdvrp\debug\frogobjectcol.obj
c:\users\7558\gitprojects\frogleaping_mdvrp\fl_mdvrp\fl_mdvrp\debug\frogobjnode.obj
c:\users\7558\gitprojects\frogleaping_mdvrp\fl_mdvrp\fl_mdvrp\debug\graph.obj
c:\users\7558\gitprojects\frogleaping_mdvrp\fl_mdvrp\fl_mdvrp\debug\indexlist.obj
c:\users\7558\gitprojects\frogleaping_mdvrp\fl_mdvrp\fl_mdvrp\debug\indexlistnode.obj
c:\users\7558\gitprojects\frogleaping_mdvrp\fl_mdvrp\fl_mdvrp\debug\pair.obj
c:\users\7558\gitprojects\frogleaping_mdvrp\fl_mdvrp\fl_mdvrp\debug\tsplibeuc2d.obj
c:\users\7558\gitprojects\frogleaping_mdvrp\fl_mdvrp\fl_mdvrp\debug\vertex.obj
c:\users\7558\gitprojects\frogleaping_mdvrp\fl_mdvrp\fl_mdvrp\debug\fl_mdvrp.tlog\cl.command.1.tlog
c:\users\7558\gitprojects\frogleaping_mdvrp\fl_mdvrp\fl_mdvrp\debug\fl_mdvrp.tlog\cl.read.1.tlog
c:\users\7558\gitprojects\frogleaping_mdvrp\fl_mdvrp\fl_mdvrp\debug\fl_mdvrp.tlog\cl.write.1.tlog
