  FrogLeapSolution.cpp
c:\users\7558\gitprojects\frogleaping_mdvrp\fl_mdvrp\fl_mdvrp\frogleapsolution.h(87): error C2039: 'default_random_engine': is not a member of 'std'
  c:\users\7558\gitprojects\frogleaping_mdvrp\fl_mdvrp\fl_mdvrp\predefined c++ types (compiler internal)(208): note: see declaration of 'std'
c:\users\7558\gitprojects\frogleaping_mdvrp\fl_mdvrp\fl_mdvrp\frogleapsolution.h(87): error C2061: syntax error: identifier 'default_random_engine'
c:\users\7558\gitprojects\frogleaping_mdvrp\fl_mdvrp\fl_mdvrp\frogleapsolution.cpp(257): warning C4244: 'initializing': conversion from 'int' to 'float', possible loss of data
c:\users\7558\gitprojects\frogleaping_mdvrp\fl_mdvrp\fl_mdvrp\frogleapsolution.cpp(284): warning C4244: 'argument': conversion from 'int' to 'float', possible loss of data
c:\users\7558\gitprojects\frogleaping_mdvrp\fl_mdvrp\fl_mdvrp\frogleapsolution.cpp(285): warning C4244: 'initializing': conversion from 'float' to 'int', possible loss of data
c:\users\7558\gitprojects\frogleaping_mdvrp\fl_mdvrp\fl_mdvrp\frogleapsolution.cpp(296): warning C4244: 'argument': conversion from 'int' to 'float', possible loss of data
c:\users\7558\gitprojects\frogleaping_mdvrp\fl_mdvrp\fl_mdvrp\frogleapsolution.cpp(305): warning C4244: '=': conversion from 'int' to 'float', possible loss of data
c:\users\7558\gitprojects\frogleaping_mdvrp\fl_mdvrp\fl_mdvrp\frogleapsolution.cpp(330): warning C4244: 'argument': conversion from 'int' to 'float', possible loss of data
c:\users\7558\gitprojects\frogleaping_mdvrp\fl_mdvrp\fl_mdvrp\frogleapsolution.cpp(337): warning C4244: 'initializing': conversion from 'float' to 'int', possible loss of data
c:\users\7558\gitprojects\frogleaping_mdvrp\fl_mdvrp\fl_mdvrp\frogleapsolution.cpp(360): warning C4244: 'argument': conversion from 'int' to 'float', possible loss of data
c:\users\7558\gitprojects\frogleaping_mdvrp\fl_mdvrp\fl_mdvrp\frogleapsolution.cpp(366): warning C4244: '=': conversion from 'int' to 'float', possible loss of data
c:\users\7558\gitprojects\frogleaping_mdvrp\fl_mdvrp\fl_mdvrp\frogleapsolution.cpp(396): warning C4244: 'argument': conversion from 'int' to 'float', possible loss of data
c:\users\7558\gitprojects\frogleaping_mdvrp\fl_mdvrp\fl_mdvrp\frogleapsolution.cpp(409): warning C4244: 'argument': conversion from 'int' to 'float', possible loss of data
c:\users\7558\gitprojects\frogleaping_mdvrp\fl_mdvrp\fl_mdvrp\frogleapsolution.cpp(412): warning C4244: 'initializing': conversion from 'float' to 'int', possible loss of data
c:\users\7558\gitprojects\frogleaping_mdvrp\fl_mdvrp\fl_mdvrp\frogleapsolution.cpp(421): warning C4244: 'argument': conversion from 'int' to 'float', possible loss of data
c:\users\7558\gitprojects\frogleaping_mdvrp\fl_mdvrp\fl_mdvrp\frogleapsolution.cpp(453): warning C4244: 'argument': conversion from 'int' to 'float', possible loss of data
c:\users\7558\gitprojects\frogleaping_mdvrp\fl_mdvrp\fl_mdvrp\frogleapsolution.cpp(492): warning C4244: 'argument': conversion from 'int' to 'float', possible loss of data
c:\users\7558\gitprojects\frogleaping_mdvrp\fl_mdvrp\fl_mdvrp\frogleapsolution.cpp(656): error C2511: 'int FrogLeapSolution::selectRandomCustomerIndex(int,FrogLeapController *,std::default_random_engine &)': overloaded member function not found in 'FrogLeapSolution'
  c:\users\7558\gitprojects\frogleaping_mdvrp\fl_mdvrp\fl_mdvrp\graph.h(8): note: see declaration of 'FrogLeapSolution'
c:\users\7558\gitprojects\frogleaping_mdvrp\fl_mdvrp\fl_mdvrp\frogleapsolution.cpp(658): error C2671: 'FrogLeapSolution::selectRandomCustomerIndex': static member functions do not have 'this' pointers
c:\users\7558\gitprojects\frogleaping_mdvrp\fl_mdvrp\fl_mdvrp\frogleapsolution.cpp(658): error C2227: left of '->randomCustomerSelectionList' must point to class/struct/union/generic type
c:\users\7558\gitprojects\frogleaping_mdvrp\fl_mdvrp\fl_mdvrp\frogleapsolution.cpp(658): error C2227: left of '->getSize' must point to class/struct/union/generic type
c:\users\7558\gitprojects\frogleaping_mdvrp\fl_mdvrp\fl_mdvrp\frogleapsolution.cpp(664): warning C4244: 'argument': conversion from 'int' to 'float', possible loss of data
c:\users\7558\gitprojects\frogleaping_mdvrp\fl_mdvrp\fl_mdvrp\frogleapsolution.cpp(667): warning C4244: 'initializing': conversion from 'float' to 'int', possible loss of data
c:\users\7558\gitprojects\frogleaping_mdvrp\fl_mdvrp\fl_mdvrp\frogleapsolution.cpp(669): error C2671: 'FrogLeapSolution::selectRandomCustomerIndex': static member functions do not have 'this' pointers
c:\users\7558\gitprojects\frogleaping_mdvrp\fl_mdvrp\fl_mdvrp\frogleapsolution.cpp(669): error C2227: left of '->randomCustomerSelectionList' must point to class/struct/union/generic type
c:\users\7558\gitprojects\frogleaping_mdvrp\fl_mdvrp\fl_mdvrp\frogleapsolution.cpp(669): error C2227: left of '->getSolFactValue' must point to class/struct/union/generic type
c:\users\7558\gitprojects\frogleaping_mdvrp\fl_mdvrp\fl_mdvrp\frogleapsolution.cpp(671): error C2671: 'FrogLeapSolution::selectRandomCustomerIndex': static member functions do not have 'this' pointers
c:\users\7558\gitprojects\frogleaping_mdvrp\fl_mdvrp\fl_mdvrp\frogleapsolution.cpp(671): error C2227: left of '->randomCustomerSelectionList' must point to class/struct/union/generic type
c:\users\7558\gitprojects\frogleaping_mdvrp\fl_mdvrp\fl_mdvrp\frogleapsolution.cpp(671): error C2227: left of '->swapItems' must point to class/struct/union/generic type
  FrogLeapController.cpp
c:\users\7558\gitprojects\frogleaping_mdvrp\fl_mdvrp\fl_mdvrp\frogleapsolution.h(87): error C2039: 'default_random_engine': is not a member of 'std'
  c:\program files (x86)\microsoft visual studio 14.0\vc\include\vector(17): note: see declaration of 'std'
c:\users\7558\gitprojects\frogleaping_mdvrp\fl_mdvrp\fl_mdvrp\frogleapsolution.h(87): error C2061: syntax error: identifier 'default_random_engine'
c:\users\7558\gitprojects\frogleaping_mdvrp\fl_mdvrp\fl_mdvrp\frogleapcontroller.cpp(167): warning C4244: 'argument': conversion from 'time_t' to 'unsigned int', possible loss of data
c:\users\7558\gitprojects\frogleaping_mdvrp\fl_mdvrp\fl_mdvrp\frogleapcontroller.cpp(594): warning C4244: 'argument': conversion from 'int' to 'float', possible loss of data
c:\users\7558\gitprojects\frogleaping_mdvrp\fl_mdvrp\fl_mdvrp\frogleapcontroller.cpp(625): warning C4244: 'argument': conversion from 'int' to 'float', possible loss of data
c:\users\7558\gitprojects\frogleaping_mdvrp\fl_mdvrp\fl_mdvrp\frogleapcontroller.cpp(690): warning C4244: 'argument': conversion from '__int64' to 'int', possible loss of data
c:\users\7558\gitprojects\frogleaping_mdvrp\fl_mdvrp\fl_mdvrp\frogleapcontroller.cpp(809): warning C4244: 'argument': conversion from 'int' to 'float', possible loss of data
c:\users\7558\gitprojects\frogleaping_mdvrp\fl_mdvrp\fl_mdvrp\frogleapcontroller.cpp(858): warning C4244: 'argument': conversion from 'int' to 'float', possible loss of data
c:\users\7558\gitprojects\frogleaping_mdvrp\fl_mdvrp\fl_mdvrp\frogleapcontroller.cpp(1130): warning C4477: 'sscanf' : format string '%hu' requires an argument of type 'unsigned short *', but variadic argument 1 has type 'int *'
  c:\users\7558\gitprojects\frogleaping_mdvrp\fl_mdvrp\fl_mdvrp\frogleapcontroller.cpp(1130): note: consider using '%u' in the format string
  c:\users\7558\gitprojects\frogleaping_mdvrp\fl_mdvrp\fl_mdvrp\frogleapcontroller.cpp(1130): note: consider using '%Iu' in the format string
  c:\users\7558\gitprojects\frogleaping_mdvrp\fl_mdvrp\fl_mdvrp\frogleapcontroller.cpp(1130): note: consider using '%I32u' in the format string
c:\users\7558\gitprojects\frogleaping_mdvrp\fl_mdvrp\fl_mdvrp\frogleapcontroller.cpp(1145): warning C4477: 'sscanf' : format string '%hu' requires an argument of type 'unsigned short *', but variadic argument 1 has type 'int *'
  c:\users\7558\gitprojects\frogleaping_mdvrp\fl_mdvrp\fl_mdvrp\frogleapcontroller.cpp(1145): note: consider using '%u' in the format string
  c:\users\7558\gitprojects\frogleaping_mdvrp\fl_mdvrp\fl_mdvrp\frogleapcontroller.cpp(1145): note: consider using '%Iu' in the format string
  c:\users\7558\gitprojects\frogleaping_mdvrp\fl_mdvrp\fl_mdvrp\frogleapcontroller.cpp(1145): note: consider using '%I32u' in the format string
c:\users\7558\gitprojects\frogleaping_mdvrp\fl_mdvrp\fl_mdvrp\frogleapcontroller.cpp(1181): warning C4244: 'argument': conversion from 'int' to 'float', possible loss of data
c:\users\7558\gitprojects\frogleaping_mdvrp\fl_mdvrp\fl_mdvrp\frogleapcontroller.cpp(1193): warning C4244: 'argument': conversion from 'int' to 'float', possible loss of data
c:\users\7558\gitprojects\frogleaping_mdvrp\fl_mdvrp\fl_mdvrp\frogleapcontroller.cpp(1460): warning C4244: 'argument': conversion from 'int' to 'float', possible loss of data
c:\users\7558\gitprojects\frogleaping_mdvrp\fl_mdvrp\fl_mdvrp\frogleapcontroller.cpp(1758): warning C4473: 'sprintf' : not enough arguments passed for format string
  c:\users\7558\gitprojects\frogleaping_mdvrp\fl_mdvrp\fl_mdvrp\frogleapcontroller.cpp(1758): note: placeholders and their parameters expect 4 variadic arguments, but 3 were provided
  c:\users\7558\gitprojects\frogleaping_mdvrp\fl_mdvrp\fl_mdvrp\frogleapcontroller.cpp(1758): note: the missing variadic argument 4 is required by format string '%.3f'
  FL_MDVRP.cpp
c:\users\7558\gitprojects\frogleaping_mdvrp\fl_mdvrp\fl_mdvrp\frogleapsolution.h(87): error C2039: 'default_random_engine': is not a member of 'std'
  c:\users\7558\gitprojects\frogleaping_mdvrp\fl_mdvrp\fl_mdvrp\predefined c++ types (compiler internal)(208): note: see declaration of 'std'
c:\users\7558\gitprojects\frogleaping_mdvrp\fl_mdvrp\fl_mdvrp\frogleapsolution.h(87): error C2061: syntax error: identifier 'default_random_engine'
c:\users\7558\gitprojects\frogleaping_mdvrp\fl_mdvrp\fl_mdvrp\fl_mdvrp.cpp(171): warning C4477: 'printf' : format string '%f' requires an argument of type 'double', but variadic argument 3 has type 'DistanceTable'
  Generating Code...
  Compiling...
  Graph.cpp
c:\users\7558\gitprojects\frogleaping_mdvrp\fl_mdvrp\fl_mdvrp\frogleapsolution.h(87): error C2039: 'default_random_engine': is not a member of 'std'
  c:\program files (x86)\microsoft visual studio 14.0\vc\include\vector(17): note: see declaration of 'std'
c:\users\7558\gitprojects\frogleaping_mdvrp\fl_mdvrp\fl_mdvrp\frogleapsolution.h(87): error C2061: syntax error: identifier 'default_random_engine'
c:\users\7558\gitprojects\frogleaping_mdvrp\fl_mdvrp\fl_mdvrp\graph.cpp(81): warning C4244: 'argument': conversion from 'int' to 'float', possible loss of data
  Generating Code...
